#
# There is insufficient memory for the Java Runtime Environment to continue.
# Native memory allocation (malloc) failed to allocate 653296 bytes for Chunk::new
# Possible reasons:
#   The system is out of physical RAM or swap space
#   The process is running with CompressedOops enabled, and the Java Heap may be blocking the growth of the native heap
# Possible solutions:
#   Reduce memory load on the system
#   Increase physical memory or swap space
#   Check if swap backing store is full
#   Decrease Java heap size (-Xmx/-Xms)
#   Decrease number of Java threads
#   Decrease Java thread stack sizes (-Xss)
#   Set larger code cache with -XX:ReservedCodeCacheSize=
#   JVM is running with Unscaled Compressed Oops mode in which the Java heap is
#     placed in the first 4GB address space. The Java Heap base address is the
#     maximum limit for the native heap growth. Please use -XX:HeapBaseMinAddress
#     to set the Java Heap base and to place the Java Heap above 4GB virtual address.
# This output file may be truncated or incomplete.
#
#  Out of Memory Error (./open/src/hotspot/share/memory/arena.cpp:195), pid=10192, tid=14148
#
# JRE version: Java(TM) SE Runtime Environment (14.0.2+12) (build 14.0.2+12-46)
# Java VM: Java HotSpot(TM) 64-Bit Server VM (14.0.2+12-46, mixed mode, sharing, tiered, compressed oops, g1 gc, windows-amd64)
# No core dump will be written. Minidumps are not enabled by default on client versions of Windows
#

---------------  S U M M A R Y ------------

Command Line: -Dfile.encoding=Cp1252 -XX:+ShowCodeDetailsInExceptionMessages Tester

Host: AMD Ryzen 3 2200U with Radeon Vega Mobile Gfx  , 4 cores, 6G,  Windows 10 , 64 bit Build 18362 (10.0.18362.778)
Time: Thu Mar 11 16:05:17 2021 SE Asia Standard Time elapsed time: 0 seconds (0d 0h 0m 0s)

---------------  T H R E A D  ---------------

Current thread (0x000001cf7ed3b000):  JavaThread "C2 CompilerThread0" daemon [_thread_in_native, id=14148, stack(0x000000318ff00000,0x0000003190000000)]


Current CompileTask:
C2:    645  710       4       sun.util.locale.BaseLocale::getInstance (186 bytes)

Stack: [0x000000318ff00000,0x0000003190000000]
Native frames: (J=compiled Java code, j=interpreted, Vv=VM code, C=native code)
V  [jvm.dll+0x5f8a9a]
V  [jvm.dll+0x74247a]
V  [jvm.dll+0x743c2f]
V  [jvm.dll+0x744273]
V  [jvm.dll+0x20d288]
V  [jvm.dll+0xabb07]
V  [jvm.dll+0xac1fc]
V  [jvm.dll+0x31c438]
V  [jvm.dll+0x2e6b38]
V  [jvm.dll+0x2e5f3a]
V  [jvm.dll+0x1e5e16]
V  [jvm.dll+0x1e50b8]
V  [jvm.dll+0x1779cc]
V  [jvm.dll+0x1f4105]
V  [jvm.dll+0x1f22eb]
V  [jvm.dll+0x7070cd]
V  [jvm.dll+0x6ffeda]
V  [jvm.dll+0x5f78f6]
C  [ucrtbase.dll+0x20e82]
C  [KERNEL32.DLL+0x17bd4]
C  [ntdll.dll+0x6ce51]


---------------  P R O C E S S  ---------------

Threads class SMR info:
_java_thread_list=0x000001cf025106a0, length=16, elements={
0x000001cf62efb800, 0x000001cf7ed11000, 0x000001cf7ed1a800, 0x000001cf7ed29800,
0x000001cf7ed2c800, 0x000001cf7ed2f000, 0x000001cf7ed3b000, 0x000001cf7ed3c800,
0x000001cf7ed49000, 0x000001cf7f79c800, 0x000001cf7f78c800, 0x000001cf7f9a6800,
0x000001cf7f9af000, 0x000001cf7f9be800, 0x000001cf024a3000, 0x000001cf02517800
}

Java Threads: ( => current thread )
  0x000001cf62efb800 JavaThread "main" [_thread_blocked, id=13912, stack(0x000000318f300000,0x000000318f400000)]
  0x000001cf7ed11000 JavaThread "Reference Handler" daemon [_thread_blocked, id=536, stack(0x000000318fa00000,0x000000318fb00000)]
  0x000001cf7ed1a800 JavaThread "Finalizer" daemon [_thread_blocked, id=10912, stack(0x000000318fb00000,0x000000318fc00000)]
  0x000001cf7ed29800 JavaThread "Signal Dispatcher" daemon [_thread_blocked, id=14124, stack(0x000000318fc00000,0x000000318fd00000)]
  0x000001cf7ed2c800 JavaThread "Attach Listener" daemon [_thread_blocked, id=10376, stack(0x000000318fd00000,0x000000318fe00000)]
  0x000001cf7ed2f000 JavaThread "Service Thread" daemon [_thread_blocked, id=5624, stack(0x000000318fe00000,0x000000318ff00000)]
=>0x000001cf7ed3b000 JavaThread "C2 CompilerThread0" daemon [_thread_in_native, id=14148, stack(0x000000318ff00000,0x0000003190000000)]
  0x000001cf7ed3c800 JavaThread "C1 CompilerThread0" daemon [_thread_blocked, id=11528, stack(0x0000003190000000,0x0000003190100000)]
  0x000001cf7ed49000 JavaThread "Sweeper thread" daemon [_thread_blocked, id=9824, stack(0x0000003190100000,0x0000003190200000)]
  0x000001cf7f79c800 JavaThread "Notification Thread" daemon [_thread_blocked, id=12572, stack(0x0000003190200000,0x0000003190300000)]
  0x000001cf7f78c800 JavaThread "Common-Cleaner" daemon [_thread_blocked, id=13376, stack(0x0000003190400000,0x0000003190500000)]
  0x000001cf7f9a6800 JavaThread "Java2D Disposer" daemon [_thread_blocked, id=2132, stack(0x0000003190500000,0x0000003190600000)]
  0x000001cf7f9af000 JavaThread "AWT-Shutdown" [_thread_blocked, id=14164, stack(0x0000003190600000,0x0000003190700000)]
  0x000001cf7f9be800 JavaThread "AWT-Windows" daemon [_thread_in_native, id=13336, stack(0x0000003190700000,0x0000003190800000)]
  0x000001cf024a3000 JavaThread "AWT-EventQueue-0" [_thread_blocked, id=12972, stack(0x0000003191100000,0x0000003191200000)]
  0x000001cf02517800 JavaThread "Image Fetcher 0" daemon [_thread_blocked, id=13888, stack(0x0000003191200000,0x0000003191300000)]

Other Threads:
  0x000001cf7ed0e800 VMThread "VM Thread" [stack: 0x000000318f900000,0x000000318fa00000] [id=13084]
  0x000001cf7f7a1800 WatcherThread [stack: 0x0000003190300000,0x0000003190400000] [id=14016]
  0x000001cf62f3b800 GCTaskThread "GC Thread#0" [stack: 0x000000318f400000,0x000000318f500000] [id=14180]
  0x000001cf7fa2e000 GCTaskThread "GC Thread#1" [stack: 0x0000003191300000,0x0000003191400000] [id=13572]
  0x000001cf02713000 GCTaskThread "GC Thread#2" [stack: 0x0000003191400000,0x0000003191500000] [id=14064]
  0x000001cf02713800 GCTaskThread "GC Thread#3" [stack: 0x0000003191500000,0x0000003191600000] [id=12668]
  0x000001cf62f4b800 ConcurrentGCThread "G1 Main Marker" [stack: 0x000000318f500000,0x000000318f600000] [id=11828]
  0x000001cf62f4d800 ConcurrentGCThread "G1 Conc#0" [stack: 0x000000318f600000,0x000000318f700000] [id=3232]
  0x000001cf62fc3800 ConcurrentGCThread "G1 Refine#0" [stack: 0x000000318f700000,0x000000318f800000] [id=13548]
  0x000001cf62fc4800 ConcurrentGCThread "G1 Young RemSet Sampling" [stack: 0x000000318f800000,0x000000318f900000] [id=14092]

Threads with active compile tasks:
C2 CompilerThread0      756  710       4       sun.util.locale.BaseLocale::getInstance (186 bytes)

VM state:at safepoint (normal execution)

VM Mutex/Monitor currently owned by a thread:  ([mutex/lock_event])
[0x000001cf62ef6af0] OopMapCacheAlloc_lock - owner thread: 0x000001cf02713000
[0x000001cf62ef8400] Threads_lock - owner thread: 0x000001cf7ed0e800
[0x000001cf62ef7710] Heap_lock - owner thread: 0x000001cf62efb800

Heap address: 0x0000000091800000, size: 1768 MB, Compressed Oops mode: 32-bit
Narrow klass base: 0x0000000800000000, Narrow klass shift: 3
Compressed class space size: 1073741824 Address: 0x0000000800b30000

Heap:
 garbage-first heap   total 114688K, used 6952K [0x0000000091800000, 0x0000000100000000)
  region size 1024K, 8 young (8192K), 1 survivors (1024K)
 Metaspace       used 8634K, capacity 8814K, committed 8960K, reserved 1064960K
  class space    used 1068K, capacity 1175K, committed 1280K, reserved 1048576K
Heap Regions: E=young(eden), S=young(survivor), O=old, HS=humongous(starts), HC=humongous(continues), CS=collection set, F=free, OA=open archive, CA=closed archive, TAMS=top-at-mark-start (previous, next)
|   0|0x0000000091800000, 0x0000000091800000, 0x0000000091900000|  0%| F|  |TAMS 0x0000000091800000, 0x0000000091800000| Untracked 
|   1|0x0000000091900000, 0x0000000091900000, 0x0000000091a00000|  0%| F|  |TAMS 0x0000000091900000, 0x0000000091900000| Untracked 
|   2|0x0000000091a00000, 0x0000000091a00000, 0x0000000091b00000|  0%| F|  |TAMS 0x0000000091a00000, 0x0000000091a00000| Untracked 
|   3|0x0000000091b00000, 0x0000000091b00000, 0x0000000091c00000|  0%| F|  |TAMS 0x0000000091b00000, 0x0000000091b00000| Untracked 
|   4|0x0000000091c00000, 0x0000000091c00000, 0x0000000091d00000|  0%| F|  |TAMS 0x0000000091c00000, 0x0000000091c00000| Untracked 
|   5|0x0000000091d00000, 0x0000000091d00000, 0x0000000091e00000|  0%| F|  |TAMS 0x0000000091d00000, 0x0000000091d00000| Untracked 
|   6|0x0000000091e00000, 0x0000000091e00000, 0x0000000091f00000|  0%| F|  |TAMS 0x0000000091e00000, 0x0000000091e00000| Untracked 
|   7|0x0000000091f00000, 0x0000000091f00000, 0x0000000092000000|  0%| F|  |TAMS 0x0000000091f00000, 0x0000000091f00000| Untracked 
|   8|0x0000000092000000, 0x0000000092000000, 0x0000000092100000|  0%| F|  |TAMS 0x0000000092000000, 0x0000000092000000| Untracked 
|   9|0x0000000092100000, 0x0000000092100000, 0x0000000092200000|  0%| F|  |TAMS 0x0000000092100000, 0x0000000092100000| Untracked 
|  10|0x0000000092200000, 0x0000000092200000, 0x0000000092300000|  0%| F|  |TAMS 0x0000000092200000, 0x0000000092200000| Untracked 
|  11|0x0000000092300000, 0x0000000092300000, 0x0000000092400000|  0%| F|  |TAMS 0x0000000092300000, 0x0000000092300000| Untracked 
|  12|0x0000000092400000, 0x0000000092400000, 0x0000000092500000|  0%| F|  |TAMS 0x0000000092400000, 0x0000000092400000| Untracked 
|  13|0x0000000092500000, 0x0000000092500000, 0x0000000092600000|  0%| F|  |TAMS 0x0000000092500000, 0x0000000092500000| Untracked 
|  14|0x0000000092600000, 0x0000000092600000, 0x0000000092700000|  0%| F|  |TAMS 0x0000000092600000, 0x0000000092600000| Untracked 
|  15|0x0000000092700000, 0x0000000092700000, 0x0000000092800000|  0%| F|  |TAMS 0x0000000092700000, 0x0000000092700000| Untracked 
|  16|0x0000000092800000, 0x0000000092800000, 0x0000000092900000|  0%| F|  |TAMS 0x0000000092800000, 0x0000000092800000| Untracked 
|  17|0x0000000092900000, 0x0000000092900000, 0x0000000092a00000|  0%| F|  |TAMS 0x0000000092900000, 0x0000000092900000| Untracked 
|  18|0x0000000092a00000, 0x0000000092a00000, 0x0000000092b00000|  0%| F|  |TAMS 0x0000000092a00000, 0x0000000092a00000| Untracked 
|  19|0x0000000092b00000, 0x0000000092b00000, 0x0000000092c00000|  0%| F|  |TAMS 0x0000000092b00000, 0x0000000092b00000| Untracked 
|  20|0x0000000092c00000, 0x0000000092c00000, 0x0000000092d00000|  0%| F|  |TAMS 0x0000000092c00000, 0x0000000092c00000| Untracked 
|  21|0x0000000092d00000, 0x0000000092d00000, 0x0000000092e00000|  0%| F|  |TAMS 0x0000000092d00000, 0x0000000092d00000| Untracked 
|  22|0x0000000092e00000, 0x0000000092e00000, 0x0000000092f00000|  0%| F|  |TAMS 0x0000000092e00000, 0x0000000092e00000| Untracked 
|  23|0x0000000092f00000, 0x0000000092f00000, 0x0000000093000000|  0%| F|  |TAMS 0x0000000092f00000, 0x0000000092f00000| Untracked 
|  24|0x0000000093000000, 0x0000000093000000, 0x0000000093100000|  0%| F|  |TAMS 0x0000000093000000, 0x0000000093000000| Untracked 
|  25|0x0000000093100000, 0x0000000093100000, 0x0000000093200000|  0%| F|  |TAMS 0x0000000093100000, 0x0000000093100000| Untracked 
|  26|0x0000000093200000, 0x0000000093200000, 0x0000000093300000|  0%| F|  |TAMS 0x0000000093200000, 0x0000000093200000| Untracked 
|  27|0x0000000093300000, 0x0000000093300000, 0x0000000093400000|  0%| F|  |TAMS 0x0000000093300000, 0x0000000093300000| Untracked 
|  28|0x0000000093400000, 0x0000000093400000, 0x0000000093500000|  0%| F|  |TAMS 0x0000000093400000, 0x0000000093400000| Untracked 
|  29|0x0000000093500000, 0x0000000093500000, 0x0000000093600000|  0%| F|  |TAMS 0x0000000093500000, 0x0000000093500000| Untracked 
|  30|0x0000000093600000, 0x0000000093600000, 0x0000000093700000|  0%| F|  |TAMS 0x0000000093600000, 0x0000000093600000| Untracked 
|  31|0x0000000093700000, 0x0000000093700000, 0x0000000093800000|  0%| F|  |TAMS 0x0000000093700000, 0x0000000093700000| Untracked 
|  32|0x0000000093800000, 0x0000000093800000, 0x0000000093900000|  0%| F|  |TAMS 0x0000000093800000, 0x0000000093800000| Untracked 
|  33|0x0000000093900000, 0x0000000093900000, 0x0000000093a00000|  0%| F|  |TAMS 0x0000000093900000, 0x0000000093900000| Untracked 
|  34|0x0000000093a00000, 0x0000000093a00000, 0x0000000093b00000|  0%| F|  |TAMS 0x0000000093a00000, 0x0000000093a00000| Untracked 
|  35|0x0000000093b00000, 0x0000000093b00000, 0x0000000093c00000|  0%| F|  |TAMS 0x0000000093b00000, 0x0000000093b00000| Untracked 
|  36|0x0000000093c00000, 0x0000000093c00000, 0x0000000093d00000|  0%| F|  |TAMS 0x0000000093c00000, 0x0000000093c00000| Untracked 
|  37|0x0000000093d00000, 0x0000000093d00000, 0x0000000093e00000|  0%| F|  |TAMS 0x0000000093d00000, 0x0000000093d00000| Untracked 
|  38|0x0000000093e00000, 0x0000000093e00000, 0x0000000093f00000|  0%| F|  |TAMS 0x0000000093e00000, 0x0000000093e00000| Untracked 
|  39|0x0000000093f00000, 0x0000000093f00000, 0x0000000094000000|  0%| F|  |TAMS 0x0000000093f00000, 0x0000000093f00000| Untracked 
|  40|0x0000000094000000, 0x0000000094000000, 0x0000000094100000|  0%| F|  |TAMS 0x0000000094000000, 0x0000000094000000| Untracked 
|  41|0x0000000094100000, 0x0000000094100000, 0x0000000094200000|  0%| F|  |TAMS 0x0000000094100000, 0x0000000094100000| Untracked 
|  42|0x0000000094200000, 0x0000000094200000, 0x0000000094300000|  0%| F|  |TAMS 0x0000000094200000, 0x0000000094200000| Untracked 
|  43|0x0000000094300000, 0x0000000094300000, 0x0000000094400000|  0%| F|  |TAMS 0x0000000094300000, 0x0000000094300000| Untracked 
|  44|0x0000000094400000, 0x0000000094400000, 0x0000000094500000|  0%| F|  |TAMS 0x0000000094400000, 0x0000000094400000| Untracked 
|  45|0x0000000094500000, 0x0000000094500000, 0x0000000094600000|  0%| F|  |TAMS 0x0000000094500000, 0x0000000094500000| Untracked 
|  46|0x0000000094600000, 0x0000000094600000, 0x0000000094700000|  0%| F|  |TAMS 0x0000000094600000, 0x0000000094600000| Untracked 
|  47|0x0000000094700000, 0x0000000094700000, 0x0000000094800000|  0%| F|  |TAMS 0x0000000094700000, 0x0000000094700000| Untracked 
|  48|0x0000000094800000, 0x0000000094800000, 0x0000000094900000|  0%| F|  |TAMS 0x0000000094800000, 0x0000000094800000| Untracked 
|  49|0x0000000094900000, 0x0000000094900000, 0x0000000094a00000|  0%| F|  |TAMS 0x0000000094900000, 0x0000000094900000| Untracked 
|  50|0x0000000094a00000, 0x0000000094a00000, 0x0000000094b00000|  0%| F|  |TAMS 0x0000000094a00000, 0x0000000094a00000| Untracked 
|  51|0x0000000094b00000, 0x0000000094b00000, 0x0000000094c00000|  0%| F|  |TAMS 0x0000000094b00000, 0x0000000094b00000| Untracked 
|  52|0x0000000094c00000, 0x0000000094c00000, 0x0000000094d00000|  0%| F|  |TAMS 0x0000000094c00000, 0x0000000094c00000| Untracked 
|  53|0x0000000094d00000, 0x0000000094d00000, 0x0000000094e00000|  0%| F|  |TAMS 0x0000000094d00000, 0x0000000094d00000| Untracked 
|  54|0x0000000094e00000, 0x0000000094e00000, 0x0000000094f00000|  0%| F|  |TAMS 0x0000000094e00000, 0x0000000094e00000| Untracked 
|  55|0x0000000094f00000, 0x0000000094f00000, 0x0000000095000000|  0%| F|  |TAMS 0x0000000094f00000, 0x0000000094f00000| Untracked 
|  56|0x0000000095000000, 0x0000000095000000, 0x0000000095100000|  0%| F|  |TAMS 0x0000000095000000, 0x0000000095000000| Untracked 
|  57|0x0000000095100000, 0x0000000095100000, 0x0000000095200000|  0%| F|  |TAMS 0x0000000095100000, 0x0000000095100000| Untracked 
|  58|0x0000000095200000, 0x0000000095200000, 0x0000000095300000|  0%| F|  |TAMS 0x0000000095200000, 0x0000000095200000| Untracked 
|  59|0x0000000095300000, 0x0000000095300000, 0x0000000095400000|  0%| F|  |TAMS 0x0000000095300000, 0x0000000095300000| Untracked 
|  60|0x0000000095400000, 0x0000000095400000, 0x0000000095500000|  0%| F|  |TAMS 0x0000000095400000, 0x0000000095400000| Untracked 
|  61|0x0000000095500000, 0x0000000095500000, 0x0000000095600000|  0%| F|  |TAMS 0x0000000095500000, 0x0000000095500000| Untracked 
|  62|0x0000000095600000, 0x0000000095600000, 0x0000000095700000|  0%| F|  |TAMS 0x0000000095600000, 0x0000000095600000| Untracked 
|  63|0x0000000095700000, 0x0000000095700000, 0x0000000095800000|  0%| F|  |TAMS 0x0000000095700000, 0x0000000095700000| Untracked 
|  64|0x0000000095800000, 0x0000000095800000, 0x0000000095900000|  0%| F|  |TAMS 0x0000000095800000, 0x0000000095800000| Untracked 
|  65|0x0000000095900000, 0x0000000095900000, 0x0000000095a00000|  0%| F|  |TAMS 0x0000000095900000, 0x0000000095900000| Untracked 
|  66|0x0000000095a00000, 0x0000000095a00000, 0x0000000095b00000|  0%| F|  |TAMS 0x0000000095a00000, 0x0000000095a00000| Untracked 
|  67|0x0000000095b00000, 0x0000000095b00000, 0x0000000095c00000|  0%| F|  |TAMS 0x0000000095b00000, 0x0000000095b00000| Untracked 
|  68|0x0000000095c00000, 0x0000000095c00000, 0x0000000095d00000|  0%| F|  |TAMS 0x0000000095c00000, 0x0000000095c00000| Untracked 
|  69|0x0000000095d00000, 0x0000000095d00000, 0x0000000095e00000|  0%| F|  |TAMS 0x0000000095d00000, 0x0000000095d00000| Untracked 
|  70|0x0000000095e00000, 0x0000000095e00000, 0x0000000095f00000|  0%| F|  |TAMS 0x0000000095e00000, 0x0000000095e00000| Untracked 
|  71|0x0000000095f00000, 0x0000000095f00000, 0x0000000096000000|  0%| F|  |TAMS 0x0000000095f00000, 0x0000000095f00000| Untracked 
|  72|0x0000000096000000, 0x0000000096000000, 0x0000000096100000|  0%| F|  |TAMS 0x0000000096000000, 0x0000000096000000| Untracked 
|  73|0x0000000096100000, 0x0000000096100000, 0x0000000096200000|  0%| F|  |TAMS 0x0000000096100000, 0x0000000096100000| Untracked 
|  74|0x0000000096200000, 0x0000000096200000, 0x0000000096300000|  0%| F|  |TAMS 0x0000000096200000, 0x0000000096200000| Untracked 
|  75|0x0000000096300000, 0x0000000096300000, 0x0000000096400000|  0%| F|  |TAMS 0x0000000096300000, 0x0000000096300000| Untracked 
|  76|0x0000000096400000, 0x0000000096400000, 0x0000000096500000|  0%| F|  |TAMS 0x0000000096400000, 0x0000000096400000| Untracked 
|  77|0x0000000096500000, 0x0000000096500000, 0x0000000096600000|  0%| F|  |TAMS 0x0000000096500000, 0x0000000096500000| Untracked 
|  78|0x0000000096600000, 0x0000000096600000, 0x0000000096700000|  0%| F|  |TAMS 0x0000000096600000, 0x0000000096600000| Untracked 
|  79|0x0000000096700000, 0x0000000096700000, 0x0000000096800000|  0%| F|  |TAMS 0x0000000096700000, 0x0000000096700000| Untracked 
|  80|0x0000000096800000, 0x0000000096800000, 0x0000000096900000|  0%| F|  |TAMS 0x0000000096800000, 0x0000000096800000| Untracked 
|  81|0x0000000096900000, 0x0000000096900000, 0x0000000096a00000|  0%| F|  |TAMS 0x0000000096900000, 0x0000000096900000| Untracked 
|  82|0x0000000096a00000, 0x0000000096a00000, 0x0000000096b00000|  0%| F|  |TAMS 0x0000000096a00000, 0x0000000096a00000| Untracked 
|  83|0x0000000096b00000, 0x0000000096b00000, 0x0000000096c00000|  0%| F|  |TAMS 0x0000000096b00000, 0x0000000096b00000| Untracked 
|  84|0x0000000096c00000, 0x0000000096c00000, 0x0000000096d00000|  0%| F|  |TAMS 0x0000000096c00000, 0x0000000096c00000| Untracked 
|  85|0x0000000096d00000, 0x0000000096d00000, 0x0000000096e00000|  0%| F|  |TAMS 0x0000000096d00000, 0x0000000096d00000| Untracked 
|  86|0x0000000096e00000, 0x0000000096e00000, 0x0000000096f00000|  0%| F|  |TAMS 0x0000000096e00000, 0x0000000096e00000| Untracked 
|  87|0x0000000096f00000, 0x0000000096f00000, 0x0000000097000000|  0%| F|  |TAMS 0x0000000096f00000, 0x0000000096f00000| Untracked 
|  88|0x0000000097000000, 0x0000000097000000, 0x0000000097100000|  0%| F|  |TAMS 0x0000000097000000, 0x0000000097000000| Untracked 
|  89|0x0000000097100000, 0x0000000097100000, 0x0000000097200000|  0%| F|  |TAMS 0x0000000097100000, 0x0000000097100000| Untracked 
|  90|0x0000000097200000, 0x0000000097200000, 0x0000000097300000|  0%| F|  |TAMS 0x0000000097200000, 0x0000000097200000| Untracked 
|  91|0x0000000097300000, 0x0000000097300000, 0x0000000097400000|  0%| F|  |TAMS 0x0000000097300000, 0x0000000097300000| Untracked 
|  92|0x0000000097400000, 0x0000000097400000, 0x0000000097500000|  0%| F|  |TAMS 0x0000000097400000, 0x0000000097400000| Untracked 
|  93|0x0000000097500000, 0x0000000097500000, 0x0000000097600000|  0%| F|  |TAMS 0x0000000097500000, 0x0000000097500000| Untracked 
|  94|0x0000000097600000, 0x0000000097600000, 0x0000000097700000|  0%| F|  |TAMS 0x0000000097600000, 0x0000000097600000| Untracked 
|  95|0x0000000097700000, 0x0000000097700000, 0x0000000097800000|  0%| F|  |TAMS 0x0000000097700000, 0x0000000097700000| Untracked 
|  96|0x0000000097800000, 0x0000000097800000, 0x0000000097900000|  0%| F|  |TAMS 0x0000000097800000, 0x0000000097800000| Untracked 
|  97|0x0000000097900000, 0x0000000097900000, 0x0000000097a00000|  0%| F|  |TAMS 0x0000000097900000, 0x0000000097900000| Untracked 
|  98|0x0000000097a00000, 0x0000000097a00000, 0x0000000097b00000|  0%| F|  |TAMS 0x0000000097a00000, 0x0000000097a00000| Untracked 
|  99|0x0000000097b00000, 0x0000000097b00000, 0x0000000097c00000|  0%| F|  |TAMS 0x0000000097b00000, 0x0000000097b00000| Untracked 
| 100|0x0000000097c00000, 0x0000000097c00000, 0x0000000097d00000|  0%| F|  |TAMS 0x0000000097c00000, 0x0000000097c00000| Untracked 
| 101|0x0000000097d00000, 0x0000000097d00000, 0x0000000097e00000|  0%| F|  |TAMS 0x0000000097d00000, 0x0000000097d00000| Untracked 
| 102|0x0000000097e00000, 0x0000000097e00000, 0x0000000097f00000|  0%| F|  |TAMS 0x0000000097e00000, 0x0000000097e00000| Untracked 
| 103|0x0000000097f00000, 0x0000000097f00000, 0x0000000098000000|  0%| F|  |TAMS 0x0000000097f00000, 0x0000000097f00000| Untracked 
| 104|0x0000000098000000, 0x0000000098006000, 0x0000000098100000|  2%| S|  |TAMS 0x0000000098000000, 0x0000000098000000| Complete 
| 105|0x0000000098100000, 0x00000000981ca3c0, 0x0000000098200000| 78%| E|CS|TAMS 0x0000000098100000, 0x00000000981ca3c0| Complete 
| 106|0x0000000098200000, 0x0000000098300000, 0x0000000098300000|100%| E|CS|TAMS 0x0000000098200000, 0x0000000098300000| Complete 
| 107|0x0000000098300000, 0x0000000098400000, 0x0000000098400000|100%| E|CS|TAMS 0x0000000098300000, 0x0000000098400000| Complete 
| 108|0x0000000098400000, 0x0000000098500000, 0x0000000098500000|100%| E|CS|TAMS 0x0000000098400000, 0x0000000098500000| Complete 
| 109|0x0000000098500000, 0x0000000098600000, 0x0000000098600000|100%| E|CS|TAMS 0x0000000098500000, 0x0000000098600000| Complete 
| 110|0x0000000098600000, 0x0000000098700000, 0x0000000098700000|100%| E|CS|TAMS 0x0000000098600000, 0x0000000098700000| Complete 
| 111|0x0000000098700000, 0x0000000098800000, 0x0000000098800000|100%| E|CS|TAMS 0x0000000098700000, 0x0000000098800000| Complete 

Card table byte_map: [0x000001cf7aa20000,0x000001cf7ada0000] _byte_map_base: 0x000001cf7a594000

Marking Bits (Prev, Next): (CMBitMap*) 0x000001cf62f3c5a8, (CMBitMap*) 0x000001cf62f3c5e8
 Prev Bits: [0x000001cf7b120000, 0x000001cf7ccc0000)
 Next Bits: [0x000001cf7ccc0000, 0x000001cf7e860000)

Polling page: 0x000001cf60df0000

Metaspace:

Usage:
  Non-class:      7.46 MB capacity,     7.39 MB (>99%) used,    54.05 KB ( <1%) free+waste,    19.00 KB ( <1%) overhead. 
      Class:      1.15 MB capacity,     1.04 MB ( 91%) used,    93.91 KB (  8%) free+waste,    12.31 KB (  1%) overhead. 
       Both:      8.61 MB capacity,     8.43 MB ( 98%) used,   147.97 KB (  2%) free+waste,    31.31 KB ( <1%) overhead. 

Virtual space:
  Non-class space:       16.00 MB reserved,       7.50 MB ( 47%) committed 
      Class space:        1.00 GB reserved,       1.25 MB ( <1%) committed 
             Both:        1.02 GB reserved,       8.75 MB ( <1%) committed 

Chunk freelists:
   Non-Class:  41.00 KB
       Class:  9.00 KB
        Both:  50.00 KB

MaxMetaspaceSize: 17179869184.00 GB
CompressedClassSpaceSize: 1.00 GB

CodeHeap 'non-profiled nmethods': size=120000Kb used=191Kb max_used=191Kb free=119808Kb
 bounds [0x000001cf73170000, 0x000001cf733e0000, 0x000001cf7a6a0000]
CodeHeap 'profiled nmethods': size=120000Kb used=1326Kb max_used=1326Kb free=118673Kb
 bounds [0x000001cf6bc40000, 0x000001cf6beb0000, 0x000001cf73170000]
CodeHeap 'non-nmethods': size=5760Kb used=1271Kb max_used=1271Kb free=4489Kb
 bounds [0x000001cf6b6a0000, 0x000001cf6b910000, 0x000001cf6bc40000]
 total_blobs=1308 nmethods=751 adapters=470
 compilation: enabled
              stopped_count=0, restarted_count=0
 full_count=0

Compilation events (20 events):
Event: 0.638 Thread 0x000001cf7ed3c800  726       3       java.awt.ImageMediaEntry::imageUpdate (51 bytes)
Event: 0.638 Thread 0x000001cf7ed3c800 nmethod 726 0x000001cf6bd7b390 code [0x000001cf6bd7b560, 0x000001cf6bd7be08]
Event: 0.638 Thread 0x000001cf7ed3c800  727  s    3       sun.awt.image.InputStreamImageSource::doneDecoding (25 bytes)
Event: 0.638 Thread 0x000001cf7ed3c800 nmethod 727 0x000001cf6bd7c010 code [0x000001cf6bd7c1c0, 0x000001cf6bd7c548]
Event: 0.638 Thread 0x000001cf7ed3c800  728       3       sun.awt.image.InputStreamImageSource::latchConsumers (6 bytes)
Event: 0.639 Thread 0x000001cf7ed3c800 nmethod 728 0x000001cf6bd7c610 code [0x000001cf6bd7c7c0, 0x000001cf6bd7cc48]
Event: 0.639 Thread 0x000001cf7ed3c800  730   !   3       sun.awt.image.ImageRepresentation::setPixels (527 bytes)
Event: 0.640 Thread 0x000001cf7ed3c800 nmethod 730 0x000001cf6bd7cd90 code [0x000001cf6bd7d140, 0x000001cf6bd7f5d8]
Event: 0.640 Thread 0x000001cf7ed3c800  735       3       sun.awt.image.ImageWatched$WeakLink$$Lambda$121/0x0000000800bc7040::<init> (44 bytes)
Event: 0.641 Thread 0x000001cf7ed3c800 nmethod 735 0x000001cf6bd80710 code [0x000001cf6bd808c0, 0x000001cf6bd80b18]
Event: 0.641 Thread 0x000001cf7ed3c800  736       3       sun.awt.image.ImageWatched$WeakLink$$Lambda$121/0x0000000800bc7040::run (32 bytes)
Event: 0.641 Thread 0x000001cf7ed3c800 nmethod 736 0x000001cf6bd80c10 code [0x000001cf6bd80dc0, 0x000001cf6bd81108]
Event: 0.641 Thread 0x000001cf7ed3c800  732       3       sun.awt.image.SunWritableRaster::markDirty (8 bytes)
Event: 0.641 Thread 0x000001cf7ed3c800 nmethod 732 0x000001cf6bd81290 code [0x000001cf6bd81420, 0x000001cf6bd815d8]
Event: 0.641 Thread 0x000001cf7ed3c800  733       3       sun.java2d.StateTrackableDelegate::markDirty (6 bytes)
Event: 0.641 Thread 0x000001cf7ed3c800 nmethod 733 0x000001cf6bd81690 code [0x000001cf6bd81820, 0x000001cf6bd81958]
Event: 0.641 Thread 0x000001cf7ed3c800  734       1       java.util.zip.Inflater$InflaterZStreamRef::address (5 bytes)
Event: 0.641 Thread 0x000001cf7ed3c800 nmethod 734 0x000001cf7319f690 code [0x000001cf7319f820, 0x000001cf7319f8f8]
Event: 0.642 Thread 0x000001cf7ed3c800  737 % !   3       sun.awt.image.ImageRepresentation::getOpaqueRGBImage @ 54 (164 bytes)
Event: 0.643 Thread 0x000001cf7ed3c800 nmethod 737% 0x000001cf6bd81a10 code [0x000001cf6bd81c80, 0x000001cf6bd829d8]

GC Heap History (0 events):
No events

Deoptimization events (20 events):
Event: 0.634 Thread 0x000001cf02517800 DEOPT PACKING pc=0x000001cf6bd77f7e sp=0x00000031912feb10
Event: 0.634 Thread 0x000001cf02517800 DEOPT UNPACKING pc=0x000001cf6b6e964e sp=0x00000031912fdfb0 mode 0
Event: 0.634 Thread 0x000001cf02517800 DEOPT PACKING pc=0x000001cf6bd77f7e sp=0x00000031912feb10
Event: 0.634 Thread 0x000001cf02517800 DEOPT UNPACKING pc=0x000001cf6b6e964e sp=0x00000031912fdfb0 mode 0
Event: 0.635 Thread 0x000001cf02517800 DEOPT PACKING pc=0x000001cf6bd77f7e sp=0x00000031912feb10
Event: 0.635 Thread 0x000001cf02517800 DEOPT UNPACKING pc=0x000001cf6b6e964e sp=0x00000031912fdfb0 mode 0
Event: 0.636 Thread 0x000001cf02517800 DEOPT PACKING pc=0x000001cf6bd77f7e sp=0x00000031912feb10
Event: 0.636 Thread 0x000001cf02517800 DEOPT UNPACKING pc=0x000001cf6b6e964e sp=0x00000031912fdfb0 mode 0
Event: 0.636 Thread 0x000001cf02517800 DEOPT PACKING pc=0x000001cf6bd7810d sp=0x00000031912feb10
Event: 0.636 Thread 0x000001cf02517800 DEOPT UNPACKING pc=0x000001cf6b6e964e sp=0x00000031912fdfb0 mode 0
Event: 0.637 Thread 0x000001cf02517800 DEOPT PACKING pc=0x000001cf6bd77f7e sp=0x00000031912feb10
Event: 0.637 Thread 0x000001cf02517800 DEOPT UNPACKING pc=0x000001cf6b6e964e sp=0x00000031912fdfb0 mode 0
Event: 0.638 Thread 0x000001cf02517800 DEOPT PACKING pc=0x000001cf6bd77f7e sp=0x00000031912feb10
Event: 0.638 Thread 0x000001cf02517800 DEOPT UNPACKING pc=0x000001cf6b6e964e sp=0x00000031912fdfb0 mode 0
Event: 0.638 Thread 0x000001cf02517800 DEOPT PACKING pc=0x000001cf6bd77f7e sp=0x00000031912feb10
Event: 0.638 Thread 0x000001cf02517800 DEOPT UNPACKING pc=0x000001cf6b6e964e sp=0x00000031912fdfb0 mode 0
Event: 0.639 Thread 0x000001cf02517800 DEOPT PACKING pc=0x000001cf6bd77f7e sp=0x00000031912feb10
Event: 0.639 Thread 0x000001cf02517800 DEOPT UNPACKING pc=0x000001cf6b6e964e sp=0x00000031912fdfb0 mode 0
Event: 0.640 Thread 0x000001cf02517800 DEOPT PACKING pc=0x000001cf6bd77f7e sp=0x00000031912feb10
Event: 0.640 Thread 0x000001cf02517800 DEOPT UNPACKING pc=0x000001cf6b6e964e sp=0x00000031912fdfb0 mode 0

Classes unloaded (0 events):
No events

Classes redefined (0 events):
No events

Internal exceptions (10 events):
Event: 0.110 Thread 0x000001cf62efb800 Exception <a 'java/lang/ClassNotFoundException'{0x000000009860f1a8}: sun/awt/resources/spi/awtProvider> (0x000000009860f1a8) 
thrown [./open/src/hotspot/share/classfile/systemDictionary.cpp, line 226]
Event: 0.144 Thread 0x000001cf62efb800 Exception <a 'java/io/FileNotFoundException'{0x00000000986638c0}> (0x00000000986638c0) 
thrown [./open/src/hotspot/share/prims/jni.cpp, line 599]
Event: 0.154 Thread 0x000001cf62efb800 Exception <a 'java/io/FileNotFoundException'{0x0000000098689ee8}> (0x0000000098689ee8) 
thrown [./open/src/hotspot/share/prims/jni.cpp, line 599]
Event: 0.222 Thread 0x000001cf7f9be800 Exception <a 'java/lang/NoSuchMethodError'{0x0000000098505180}: 'void java.lang.invoke.DirectMethodHandle$Holder.invokeSpecial(java.lang.Object, java.lang.Object)'> (0x0000000098505180) 
thrown [./open/src/hotspot/share/interpreter/linkResolver.cpp, line 766]
Event: 0.369 Thread 0x000001cf62efb800 Exception <a 'java/lang/NoSuchMethodError'{0x000000009858f008}: 'java.lang.Object java.lang.invoke.DirectMethodHandle$Holder.invokeStatic(java.lang.Object, int, java.lang.Object, java.lang.Object, java.lang.Object, java.lang.Object)'> (0x000000009858f008) 
thrown [./open/src/hotspot/share/interpreter/linkResolver.cpp, line 766]
Event: 0.370 Thread 0x000001cf62efb800 Exception <a 'java/lang/NoSuchMethodError'{0x0000000098595928}: 'java.lang.Object java.lang.invoke.DirectMethodHandle$Holder.invokeStatic(java.lang.Object, int, java.lang.Object, java.lang.Object, java.lang.Object)'> (0x0000000098595928) 
thrown [./open/src/hotspot/share/interpreter/linkResolver.cpp, line 766]
Event: 0.371 Thread 0x000001cf62efb800 Exception <a 'java/lang/NoSuchMethodError'{0x0000000098599178}: 'java.lang.Object java.lang.invoke.DirectMethodHandle$Holder.invokeSpecial(java.lang.Object, java.lang.Object, int, java.lang.Object, java.lang.Object, java.lang.Object)'> (0x0000000098599178) 
thrown [./open/src/hotspot/share/interpreter/linkResolver.cpp, line 766]
Event: 0.375 Thread 0x000001cf62efb800 Exception <a 'java/lang/NoSuchMethodError'{0x00000000985af520}: 'java.lang.Object java.lang.invoke.DirectMethodHandle$Holder.invokeStatic(java.lang.Object, int, java.lang.Object)'> (0x00000000985af520) 
thrown [./open/src/hotspot/share/interpreter/linkResolver.cpp, line 766]
Event: 0.406 Thread 0x000001cf62efb800 Exception <a 'java/lang/ClassNotFoundException'{0x0000000098453600}: com/sun/swing/internal/plaf/metal/resources/spi/metalProvider> (0x0000000098453600) 
thrown [./open/src/hotspot/share/classfile/systemDictionary.cpp, line 226]
Event: 0.407 Thread 0x000001cf62efb800 Exception <a 'java/lang/ClassNotFoundException'{0x0000000098457958}: com/sun/swing/internal/plaf/basic/resources/spi/basicProvider> (0x0000000098457958) 
thrown [./open/src/hotspot/share/classfile/systemDictionary.cpp, line 226]

Events (20 events):
Event: 0.585 loading class sun/net/www/protocol/jrt/Handler
Event: 0.585 loading class sun/net/www/protocol/jrt/Handler done
Event: 0.585 Executing VM operation: HandshakeOneThread
Event: 0.585 Executing VM operation: HandshakeOneThread done
Event: 0.605 loading class sun/util/locale/provider/BaseLocaleDataMetaInfo
Event: 0.605 loading class sun/util/locale/provider/BaseLocaleDataMetaInfo done
Event: 0.616 Executing VM operation: HandshakeOneThread
Event: 0.616 Executing VM operation: HandshakeOneThread done
Event: 0.617 Executing VM operation: HandshakeOneThread
Event: 0.617 Executing VM operation: HandshakeOneThread done
Event: 0.642 Executing VM operation: HandshakeOneThread
Event: 0.642 Executing VM operation: HandshakeOneThread done
Event: 0.642 loading class javax/swing/JToggleButton$ToggleButtonModel
Event: 0.643 loading class javax/swing/JToggleButton$ToggleButtonModel done
Event: 0.643 loading class javax/swing/plaf/metal/MetalRadioButtonUI
Event: 0.643 loading class javax/swing/plaf/basic/BasicRadioButtonUI
Event: 0.643 loading class javax/swing/plaf/basic/BasicToggleButtonUI
Event: 0.643 loading class javax/swing/plaf/basic/BasicToggleButtonUI done
Event: 0.643 loading class javax/swing/plaf/basic/BasicRadioButtonUI done
Event: 0.643 loading class javax/swing/plaf/metal/MetalRadioButtonUI done


Dynamic libraries:
0x00007ff7cf6f0000 - 0x00007ff7cf6ff000 	C:\Program Files\Java\jdk-14.0.2\bin\javaw.exe
0x00007ffaa4780000 - 0x00007ffaa4970000 	C:\WINDOWS\SYSTEM32\ntdll.dll
0x00007ffaa40e0000 - 0x00007ffaa4192000 	C:\WINDOWS\System32\KERNEL32.DLL
0x00007ffaa1d20000 - 0x00007ffaa1fc4000 	C:\WINDOWS\System32\KERNELBASE.dll
0x00007ffaa1c20000 - 0x00007ffaa1d1a000 	C:\WINDOWS\System32\ucrtbase.dll
0x00007ffa92230000 - 0x00007ffa92248000 	C:\Program Files\Java\jdk-14.0.2\bin\jli.dll
0x00007ffa92310000 - 0x00007ffa92325000 	C:\Program Files\Java\jdk-14.0.2\bin\VCRUNTIME140.dll
0x00007ffaa3da0000 - 0x00007ffaa3e43000 	C:\WINDOWS\System32\ADVAPI32.dll
0x00007ffaa3aa0000 - 0x00007ffaa3b3e000 	C:\WINDOWS\System32\msvcrt.dll
0x00007ffaa2d40000 - 0x00007ffaa2dd7000 	C:\WINDOWS\System32\sechost.dll
0x00007ffaa2830000 - 0x00007ffaa2950000 	C:\WINDOWS\System32\RPCRT4.dll
0x00007ffaa3b50000 - 0x00007ffaa3ce4000 	C:\WINDOWS\System32\USER32.dll
0x00007ffa9cf20000 - 0x00007ffa9d1a4000 	C:\WINDOWS\WinSxS\amd64_microsoft.windows.common-controls_6595b64144ccf1df_6.0.18362.836_none_e6c4b943130f18ed\COMCTL32.dll
0x00007ffaa1fd0000 - 0x00007ffaa1ff1000 	C:\WINDOWS\System32\win32u.dll
0x00007ffaa41a0000 - 0x00007ffaa41c6000 	C:\WINDOWS\System32\GDI32.dll
0x00007ffaa4250000 - 0x00007ffaa4586000 	C:\WINDOWS\System32\combase.dll
0x00007ffaa1710000 - 0x00007ffaa1790000 	C:\WINDOWS\System32\bcryptPrimitives.dll
0x00007ffaa18e0000 - 0x00007ffaa1a74000 	C:\WINDOWS\System32\gdi32full.dll
0x00007ffaa1b30000 - 0x00007ffaa1bce000 	C:\WINDOWS\System32\msvcp_win.dll
0x00007ffa982a0000 - 0x00007ffa982aa000 	C:\WINDOWS\SYSTEM32\VERSION.dll
0x00007ffaa3300000 - 0x00007ffaa332e000 	C:\WINDOWS\System32\IMM32.DLL
0x00007ffa8b1b0000 - 0x00007ffa8b24b000 	C:\Program Files\Java\jdk-14.0.2\bin\msvcp140.dll
0x00007ffa58830000 - 0x00007ffa5934e000 	C:\Program Files\Java\jdk-14.0.2\bin\server\jvm.dll
0x00007ffaa3330000 - 0x00007ffaa3338000 	C:\WINDOWS\System32\PSAPI.DLL
0x00007ffa9ea70000 - 0x00007ffa9ea94000 	C:\WINDOWS\SYSTEM32\WINMM.dll
0x00007ffa9d330000 - 0x00007ffa9d339000 	C:\WINDOWS\SYSTEM32\WSOCK32.dll
0x000001cf60d80000 - 0x000001cf60def000 	C:\WINDOWS\System32\ws2_32.DLL
0x00007ffa9e9f0000 - 0x00007ffa9ea1d000 	C:\WINDOWS\SYSTEM32\WINMMBASE.dll
0x00007ffaa1ae0000 - 0x00007ffaa1b2a000 	C:\WINDOWS\System32\cfgmgr32.dll
0x00007ffaa1670000 - 0x00007ffaa1681000 	C:\WINDOWS\System32\kernel.appcore.dll
0x00007ffa99850000 - 0x00007ffa9985a000 	C:\Program Files\Java\jdk-14.0.2\bin\jimage.dll
0x00007ffa98340000 - 0x00007ffa98534000 	C:\WINDOWS\SYSTEM32\DBGHELP.DLL
0x00007ffa651d0000 - 0x00007ffa651fa000 	C:\WINDOWS\SYSTEM32\dbgcore.DLL
0x00007ffa92fe0000 - 0x00007ffa93005000 	C:\Program Files\Java\jdk-14.0.2\bin\java.dll
0x00007ffa92fc0000 - 0x00007ffa92fd6000 	C:\Program Files\Java\jdk-14.0.2\bin\zip.dll
0x00007ffaa3340000 - 0x00007ffaa3a24000 	C:\WINDOWS\System32\SHELL32.dll
0x00007ffaa3cf0000 - 0x00007ffaa3d99000 	C:\WINDOWS\System32\shcore.dll
0x00007ffaa2000000 - 0x00007ffaa277e000 	C:\WINDOWS\System32\windows.storage.dll
0x00007ffaa1690000 - 0x00007ffaa16b3000 	C:\WINDOWS\System32\profapi.dll
0x00007ffaa16c0000 - 0x00007ffaa170a000 	C:\WINDOWS\System32\powrprof.dll
0x00007ffaa1640000 - 0x00007ffaa1650000 	C:\WINDOWS\System32\UMPDC.dll
0x00007ffaa2950000 - 0x00007ffaa29a2000 	C:\WINDOWS\System32\shlwapi.dll
0x00007ffaa1bd0000 - 0x00007ffaa1be7000 	C:\WINDOWS\System32\cryptsp.dll
0x00007ffa63d20000 - 0x00007ffa63eb9000 	C:\Program Files\Java\jdk-14.0.2\bin\awt.dll
0x00007ffaa2c50000 - 0x00007ffaa2d14000 	C:\WINDOWS\System32\OLEAUT32.dll
0x00007ffa9f5d0000 - 0x00007ffa9f65f000 	C:\WINDOWS\SYSTEM32\apphelp.dll
0x00007ffa9fc80000 - 0x00007ffa9fcad000 	C:\WINDOWS\system32\DWMAPI.DLL
0x00007ffa9f910000 - 0x00007ffa9f9a9000 	C:\WINDOWS\system32\uxtheme.dll
0x00007ffa74f90000 - 0x00007ffa750e6000 	C:\WINDOWS\system32\opengl32.dll
0x00007ffa749b0000 - 0x00007ffa749dc000 	C:\WINDOWS\SYSTEM32\GLU32.dll
0x00007ffaa02e0000 - 0x00007ffaa0300000 	C:\WINDOWS\SYSTEM32\dxcore.dll
0x00007ffaa2b10000 - 0x00007ffaa2c46000 	C:\WINDOWS\System32\MSCTF.dll
0x00007ffaa29b0000 - 0x00007ffaa2b07000 	C:\WINDOWS\System32\ole32.dll
0x00007ffa7c370000 - 0x00007ffa7c537000 	C:\WINDOWS\system32\d3d9.dll
0x00007ffa98030000 - 0x00007ffa9820b000 	C:\WINDOWS\System32\DriverStore\FileRepository\u0363700.inf_amd64_8ddad2898682b145\B363555\aticfx64.dll
0x00007ffa92190000 - 0x00007ffa921c3000 	C:\WINDOWS\System32\DriverStore\FileRepository\u0363700.inf_amd64_8ddad2898682b145\B363555\atiu9p64.dll
0x00007ffa50ce0000 - 0x00007ffa519f2000 	C:\WINDOWS\System32\DriverStore\FileRepository\u0363700.inf_amd64_8ddad2898682b145\B363555\atiumd64.dll
0x00000000736c0000 - 0x000000007457c000 	C:\WINDOWS\System32\DriverStore\FileRepository\u0363700.inf_amd64_8ddad2898682b145\B363555\atiumd6a.dll
0x00007ffa94490000 - 0x00007ffa944c0000 	C:\WINDOWS\SYSTEM32\amdihk64.dll
0x00007ffa864d0000 - 0x00007ffa86552000 	C:\Program Files\Java\jdk-14.0.2\bin\freetype.dll
0x00007ffa80cb0000 - 0x00007ffa80d56000 	C:\Program Files\Java\jdk-14.0.2\bin\fontmanager.dll
0x00007ffa92fa0000 - 0x00007ffa92fb9000 	C:\Program Files\Java\jdk-14.0.2\bin\net.dll
0x00007ffa9cd50000 - 0x00007ffa9ce40000 	C:\WINDOWS\SYSTEM32\WINHTTP.dll
0x00007ffaa0e50000 - 0x00007ffaa0eb7000 	C:\WINDOWS\system32\mswsock.dll
0x00007ffa92f80000 - 0x00007ffa92f92000 	C:\Program Files\Java\jdk-14.0.2\bin\nio.dll
0x00007ffa90dc0000 - 0x00007ffa90ded000 	C:\Program Files\Java\jdk-14.0.2\bin\javajpeg.dll

dbghelp: loaded successfully - version: 4.0.5 - missing functions: none
symbol engine: initialized successfully - sym options: 0x614 - pdb path: .;C:\Program Files\Java\jdk-14.0.2\bin;C:\WINDOWS\SYSTEM32;C:\WINDOWS\WinSxS\amd64_microsoft.windows.common-controls_6595b64144ccf1df_6.0.18362.836_none_e6c4b943130f18ed;C:\Program Files\Java\jdk-14.0.2\bin\server;C:\WINDOWS\System32\DriverStore\FileRepository\u0363700.inf_amd64_8ddad2898682b145\B363555

VM Arguments:
jvm_args: -Dfile.encoding=Cp1252 -XX:+ShowCodeDetailsInExceptionMessages 
java_command: Tester
java_class_path (initial): E:\Coding\java\TugasGui\bin
Launcher Type: SUN_STANDARD

[Global flags]
     intx CICompilerCount                          = 3                                         {product} {ergonomic}
     uint ConcGCThreads                            = 1                                         {product} {ergonomic}
     uint G1ConcRefinementThreads                  = 4                                         {product} {ergonomic}
   size_t G1HeapRegionSize                         = 1048576                                   {product} {ergonomic}
    uintx GCDrainStackTargetSize                   = 64                                        {product} {ergonomic}
   size_t InitialHeapSize                          = 117440512                                 {product} {ergonomic}
   size_t MarkStackSize                            = 4194304                                   {product} {ergonomic}
   size_t MaxHeapSize                              = 1853882368                                {product} {ergonomic}
   size_t MaxNewSize                               = 1111490560                                {product} {ergonomic}
   size_t MinHeapDeltaBytes                        = 1048576                                   {product} {ergonomic}
   size_t MinHeapSize                              = 8388608                                   {product} {ergonomic}
    uintx NonNMethodCodeHeapSize                   = 5832780                                {pd product} {ergonomic}
    uintx NonProfiledCodeHeapSize                  = 122912730                              {pd product} {ergonomic}
    uintx ProfiledCodeHeapSize                     = 122912730                              {pd product} {ergonomic}
    uintx ReservedCodeCacheSize                    = 251658240                              {pd product} {ergonomic}
     bool SegmentedCodeCache                       = true                                      {product} {ergonomic}
     bool ShowCodeDetailsInExceptionMessages       = true                                   {manageable} {command line}
   size_t SoftMaxHeapSize                          = 1853882368                             {manageable} {ergonomic}
     bool UseCompressedClassPointers               = true                                 {lp64_product} {ergonomic}
     bool UseCompressedOops                        = true                                 {lp64_product} {ergonomic}
     bool UseG1GC                                  = true                                      {product} {ergonomic}
     bool UseLargePagesIndividualAllocation        = false                                  {pd product} {ergonomic}

Logging:
Log output configuration:
 #0: stdout all=warning uptime,level,tags
 #1: stderr all=off uptime,level,tags

Environment Variables:
JAVA_HOME=C:\Program Files\Java\jdk-14.0.2
PATH=C:/Program Files/Java/jdk-14.0.2/bin/server;C:/Program Files/Java/jdk-14.0.2/bin;C:\Program Files (x86)\Common Files\Oracle\Java\javapath;C:\ProgramData\Oracle\Java\javapath;C:\Program Files (x86)\Razer Chroma SDK\bin;C:\Program Files\Razer Chroma SDK\bin;C:\Program Files (x86)\Razer\ChromaBroadcast\bin;C:\Program Files\Razer\ChromaBroadcast\bin;C:\WINDOWS\system32;C:\WINDOWS;C:\WINDOWS\System32\Wbem;C:\WINDOWS\System32\WindowsPowerShell\v1.0\;C:\WINDOWS\System32\OpenSSH\;C:\Users\acer\AppData\Local\Microsoft\WindowsApps;C:\Users\acer\AppData\Local\Programs\Microsoft VS Code\bin;C:\Phyton;C:\Program Files\dotnet\;E:\bin;C:\Program Files\Java\jdk-14.0.2\bin;C:\Users\acer\AppData\Roaming\Python\Python38\Scripts;C:\Program Files\Microsoft\Web Platform Installer\;C:\Program Files (x86)\Microsoft ASP.NET\ASP.NET Web Pages\v1.0\;C:\Program Files (x86)\Windows Kits\8.0\Windows Performance Toolkit\;C:\Program Files\Microsoft SQL Server\110\Tools\Binn\;C:\Users\acer\AppData\Local\Programs\Python\Python38-32\Scripts\;C:\Users\acer\AppData\Local\Programs\Python\Python38-32\;C:\Users\acer\AppData\Local\Microsoft\WindowsApps;C:\Users\acer\AppData\Local\Programs\Microsoft VS Code\bin;C:\Users\acer\.dotnet\tools;C:\Users\acer\Desktop;
USERNAME=acer
OS=Windows_NT
PROCESSOR_IDENTIFIER=AMD64 Family 23 Model 17 Stepping 0, AuthenticAMD



---------------  S Y S T E M  ---------------

OS: Windows 10 , 64 bit Build 18362 (10.0.18362.778)
OS uptime: 1 days 5:12 hours

CPU:total 4 (initial active 4) (4 cores per cpu, 2 threads per core) family 23 model 17 stepping 0, cmov, cx8, fxsr, mmx, sse, sse2, sse3, ssse3, sse4.1, sse4.2, popcnt, avx, avx2, aes, clmul, mmxext, 3dnowpref, lzcnt, sse4a, ht, tsc, tscinvbit, tscinv, bmi1, bmi2, adx, sha, fma

Memory: 4k page, system-wide physical 7068M (674M free)
TotalPageFile size 13028M (AvailPageFile size 4M)
current process WorkingSet (physical memory assigned to process): 71M, peak: 71M
current process commit charge ("private bytes"): 221M, peak: 221M

vm_info: Java HotSpot(TM) 64-Bit Server VM (14.0.2+12-46) for windows-amd64 JRE (14.0.2+12-46), built on Jul  9 2020 00:35:52 by "mach5one" with MS VC++ 15.9 (VS2017)

END.
