#
# There is insufficient memory for the Java Runtime Environment to continue.
# Native memory allocation (malloc) failed to allocate 1048576 bytes for AllocateHeap
# Possible reasons:
#   The system is out of physical RAM or swap space
#   The process is running with CompressedOops enabled, and the Java Heap may be blocking the growth of the native heap
# Possible solutions:
#   Reduce memory load on the system
#   Increase physical memory or swap space
#   Check if swap backing store is full
#   Decrease Java heap size (-Xmx/-Xms)
#   Decrease number of Java threads
#   Decrease Java thread stack sizes (-Xss)
#   Set larger code cache with -XX:ReservedCodeCacheSize=
#   JVM is running with Unscaled Compressed Oops mode in which the Java heap is
#     placed in the first 4GB address space. The Java Heap base address is the
#     maximum limit for the native heap growth. Please use -XX:HeapBaseMinAddress
#     to set the Java Heap base and to place the Java Heap above 4GB virtual address.
# This output file may be truncated or incomplete.
#
#  Out of Memory Error (./open/src/hotspot/share/memory/allocation.cpp:44), pid=12272, tid=9992
#
# JRE version:  (14.0.2+12) (build )
# Java VM: Java HotSpot(TM) 64-Bit Server VM (14.0.2+12-46, mixed mode, sharing, tiered, compressed oops, g1 gc, windows-amd64)
# No core dump will be written. Minidumps are not enabled by default on client versions of Windows
#

---------------  S U M M A R Y ------------

Command Line: -Dfile.encoding=Cp1252 -XX:+ShowCodeDetailsInExceptionMessages Tester

Host: AMD Ryzen 3 2200U with Radeon Vega Mobile Gfx  , 4 cores, 6G,  Windows 10 , 64 bit Build 18362 (10.0.18362.778)
Time: Thu Mar 11 15:44:36 2021 SE Asia Standard Time elapsed time: 0 seconds (0d 0h 0m 0s)

---------------  T H R E A D  ---------------

Current thread (0x000001d77e6cb800):  JavaThread "Unknown thread" [_thread_in_vm, id=9992, stack(0x000000be87e00000,0x000000be87f00000)]

Stack: [0x000000be87e00000,0x000000be87f00000]
Native frames: (J=compiled Java code, j=interpreted, Vv=VM code, C=native code)
V  [jvm.dll+0x5f8a9a]
V  [jvm.dll+0x74247a]
V  [jvm.dll+0x743c2f]
V  [jvm.dll+0x744273]
V  [jvm.dll+0x20d288]
V  [jvm.dll+0xa2b2f]
V  [jvm.dll+0x29c03d]
V  [jvm.dll+0x71fd38]
V  [jvm.dll+0x321c14]
V  [jvm.dll+0x70112c]
V  [jvm.dll+0x392def]
V  [jvm.dll+0x394e61]
C  [jli.dll+0x524b]
C  [ucrtbase.dll+0x20e82]
C  [KERNEL32.DLL+0x17bd4]
C  [ntdll.dll+0x6ce51]


---------------  P R O C E S S  ---------------

Threads class SMR info:
_java_thread_list=0x00007ffa592b3038, length=0, elements={
}

Java Threads: ( => current thread )

Other Threads:

[error occurred during error reporting (printing all threads), id 0xc0000005, EXCEPTION_ACCESS_VIOLATION (0xc0000005) at pc=0x00007ffa58f36427]

VM state:not at safepoint (not fully initialized)

VM Mutex/Monitor currently owned by a thread: None

Heap address: 0x0000000000000000, size: 0 MB, Compressed Oops mode: 32-bit
Narrow klass base: 0x0000000000000000, Narrow klass shift: 0

GC Heap History (0 events):
No events

Deoptimization events (0 events):
No events

Classes unloaded (0 events):
No events

Classes redefined (0 events):
No events

Internal exceptions (0 events):
No events

Events (2 events):
Event: 0.012 Loaded shared library C:\Program Files\Java\jdk-14.0.2\bin\java.dll
Event: 0.013 Loaded shared library C:\Program Files\Java\jdk-14.0.2\bin\zip.dll


Dynamic libraries:
0x00007ff7cf6f0000 - 0x00007ff7cf6ff000 	C:\Program Files\Java\jdk-14.0.2\bin\javaw.exe
0x00007ffaa4780000 - 0x00007ffaa4970000 	C:\WINDOWS\SYSTEM32\ntdll.dll
0x00007ffaa40e0000 - 0x00007ffaa4192000 	C:\WINDOWS\System32\KERNEL32.DLL
0x00007ffaa1d20000 - 0x00007ffaa1fc4000 	C:\WINDOWS\System32\KERNELBASE.dll
0x00007ffaa1c20000 - 0x00007ffaa1d1a000 	C:\WINDOWS\System32\ucrtbase.dll
0x00007ffa92230000 - 0x00007ffa92248000 	C:\Program Files\Java\jdk-14.0.2\bin\jli.dll
0x00007ffa92310000 - 0x00007ffa92325000 	C:\Program Files\Java\jdk-14.0.2\bin\VCRUNTIME140.dll
0x00007ffaa3da0000 - 0x00007ffaa3e43000 	C:\WINDOWS\System32\ADVAPI32.dll
0x00007ffaa3aa0000 - 0x00007ffaa3b3e000 	C:\WINDOWS\System32\msvcrt.dll
0x00007ffaa2d40000 - 0x00007ffaa2dd7000 	C:\WINDOWS\System32\sechost.dll
0x00007ffaa2830000 - 0x00007ffaa2950000 	C:\WINDOWS\System32\RPCRT4.dll
0x00007ffaa3b50000 - 0x00007ffaa3ce4000 	C:\WINDOWS\System32\USER32.dll
0x00007ffa9cf20000 - 0x00007ffa9d1a4000 	C:\WINDOWS\WinSxS\amd64_microsoft.windows.common-controls_6595b64144ccf1df_6.0.18362.836_none_e6c4b943130f18ed\COMCTL32.dll
0x00007ffaa1fd0000 - 0x00007ffaa1ff1000 	C:\WINDOWS\System32\win32u.dll
0x00007ffaa4250000 - 0x00007ffaa4586000 	C:\WINDOWS\System32\combase.dll
0x00007ffaa41a0000 - 0x00007ffaa41c6000 	C:\WINDOWS\System32\GDI32.dll
0x00007ffaa1710000 - 0x00007ffaa1790000 	C:\WINDOWS\System32\bcryptPrimitives.dll
0x00007ffaa18e0000 - 0x00007ffaa1a74000 	C:\WINDOWS\System32\gdi32full.dll
0x00007ffaa1b30000 - 0x00007ffaa1bce000 	C:\WINDOWS\System32\msvcp_win.dll
0x00007ffa982a0000 - 0x00007ffa982aa000 	C:\WINDOWS\SYSTEM32\VERSION.dll
0x00007ffaa3300000 - 0x00007ffaa332e000 	C:\WINDOWS\System32\IMM32.DLL
0x00007ffa8b1b0000 - 0x00007ffa8b24b000 	C:\Program Files\Java\jdk-14.0.2\bin\msvcp140.dll
0x00007ffa58830000 - 0x00007ffa5934e000 	C:\Program Files\Java\jdk-14.0.2\bin\server\jvm.dll
0x00007ffaa3330000 - 0x00007ffaa3338000 	C:\WINDOWS\System32\PSAPI.DLL
0x00007ffa9d330000 - 0x00007ffa9d339000 	C:\WINDOWS\SYSTEM32\WSOCK32.dll
0x00007ffa9ea70000 - 0x00007ffa9ea94000 	C:\WINDOWS\SYSTEM32\WINMM.dll
0x00007ffaa41d0000 - 0x00007ffaa423f000 	C:\WINDOWS\System32\WS2_32.dll
0x00007ffa9e9f0000 - 0x00007ffa9ea1d000 	C:\WINDOWS\SYSTEM32\WINMMBASE.dll
0x00007ffaa1ae0000 - 0x00007ffaa1b2a000 	C:\WINDOWS\System32\cfgmgr32.dll
0x00007ffaa1670000 - 0x00007ffaa1681000 	C:\WINDOWS\System32\kernel.appcore.dll
0x00007ffa99850000 - 0x00007ffa9985a000 	C:\Program Files\Java\jdk-14.0.2\bin\jimage.dll
0x00007ffa98340000 - 0x00007ffa98534000 	C:\WINDOWS\SYSTEM32\DBGHELP.DLL
0x00007ffa651d0000 - 0x00007ffa651fa000 	C:\WINDOWS\SYSTEM32\dbgcore.DLL
0x00007ffa92fe0000 - 0x00007ffa93005000 	C:\Program Files\Java\jdk-14.0.2\bin\java.dll
0x00007ffa92fc0000 - 0x00007ffa92fd6000 	C:\Program Files\Java\jdk-14.0.2\bin\zip.dll

dbghelp: loaded successfully - version: 4.0.5 - missing functions: none
symbol engine: initialized successfully - sym options: 0x614 - pdb path: .;C:\Program Files\Java\jdk-14.0.2\bin;C:\WINDOWS\SYSTEM32;C:\WINDOWS\WinSxS\amd64_microsoft.windows.common-controls_6595b64144ccf1df_6.0.18362.836_none_e6c4b943130f18ed;C:\Program Files\Java\jdk-14.0.2\bin\server

VM Arguments:
jvm_args: -Dfile.encoding=Cp1252 -XX:+ShowCodeDetailsInExceptionMessages 
java_command: Tester
java_class_path (initial): E:\Coding\java\TugasGui\bin
Launcher Type: SUN_STANDARD

[Global flags]
     intx CICompilerCount                          = 3                                         {product} {ergonomic}
     uint G1ConcRefinementThreads                  = 4                                         {product} {ergonomic}
   size_t G1HeapRegionSize                         = 1048576                                   {product} {ergonomic}
    uintx GCDrainStackTargetSize                   = 64                                        {product} {ergonomic}
   size_t InitialHeapSize                          = 117440512                                 {product} {ergonomic}
   size_t MaxHeapSize                              = 1853882368                                {product} {ergonomic}
   size_t MinHeapDeltaBytes                        = 1048576                                   {product} {ergonomic}
   size_t MinHeapSize                              = 8388608                                   {product} {ergonomic}
    uintx NonNMethodCodeHeapSize                   = 5832780                                {pd product} {ergonomic}
    uintx NonProfiledCodeHeapSize                  = 122912730                              {pd product} {ergonomic}
    uintx ProfiledCodeHeapSize                     = 122912730                              {pd product} {ergonomic}
    uintx ReservedCodeCacheSize                    = 251658240                              {pd product} {ergonomic}
     bool SegmentedCodeCache                       = true                                      {product} {ergonomic}
     bool ShowCodeDetailsInExceptionMessages       = true                                   {manageable} {command line}
   size_t SoftMaxHeapSize                          = 1853882368                             {manageable} {ergonomic}
     bool UseCompressedClassPointers               = true                                 {lp64_product} {ergonomic}
     bool UseCompressedOops                        = true                                 {lp64_product} {ergonomic}
     bool UseG1GC                                  = true                                      {product} {ergonomic}
     bool UseLargePagesIndividualAllocation        = false                                  {pd product} {ergonomic}

Logging:
Log output configuration:
 #0: stdout all=warning uptime,level,tags
 #1: stderr all=off uptime,level,tags

Environment Variables:
JAVA_HOME=C:\Program Files\Java\jdk-14.0.2
PATH=C:/Program Files/Java/jdk-14.0.2/bin/server;C:/Program Files/Java/jdk-14.0.2/bin;C:\Program Files (x86)\Common Files\Oracle\Java\javapath;C:\ProgramData\Oracle\Java\javapath;C:\Program Files (x86)\Razer Chroma SDK\bin;C:\Program Files\Razer Chroma SDK\bin;C:\Program Files (x86)\Razer\ChromaBroadcast\bin;C:\Program Files\Razer\ChromaBroadcast\bin;C:\WINDOWS\system32;C:\WINDOWS;C:\WINDOWS\System32\Wbem;C:\WINDOWS\System32\WindowsPowerShell\v1.0\;C:\WINDOWS\System32\OpenSSH\;C:\Users\acer\AppData\Local\Microsoft\WindowsApps;C:\Users\acer\AppData\Local\Programs\Microsoft VS Code\bin;C:\Phyton;C:\Program Files\dotnet\;E:\bin;C:\Program Files\Java\jdk-14.0.2\bin;C:\Users\acer\AppData\Roaming\Python\Python38\Scripts;C:\Program Files\Microsoft\Web Platform Installer\;C:\Program Files (x86)\Microsoft ASP.NET\ASP.NET Web Pages\v1.0\;C:\Program Files (x86)\Windows Kits\8.0\Windows Performance Toolkit\;C:\Program Files\Microsoft SQL Server\110\Tools\Binn\;C:\Users\acer\AppData\Local\Programs\Python\Python38-32\Scripts\;C:\Users\acer\AppData\Local\Programs\Python\Python38-32\;C:\Users\acer\AppData\Local\Microsoft\WindowsApps;C:\Users\acer\AppData\Local\Programs\Microsoft VS Code\bin;C:\Users\acer\.dotnet\tools;C:\Users\acer\Desktop;
USERNAME=acer
OS=Windows_NT
PROCESSOR_IDENTIFIER=AMD64 Family 23 Model 17 Stepping 0, AuthenticAMD



---------------  S Y S T E M  ---------------

OS: Windows 10 , 64 bit Build 18362 (10.0.18362.778)
OS uptime: 1 days 4:51 hours

CPU:total 4 (initial active 4) (4 cores per cpu, 2 threads per core) family 23 model 17 stepping 0, cmov, cx8, fxsr, mmx, sse, sse2, sse3, ssse3, sse4.1, sse4.2, popcnt, avx, avx2, aes, clmul, mmxext, 3dnowpref, lzcnt, sse4a, ht, tsc, tscinvbit, tscinv, bmi1, bmi2, adx, sha, fma

Memory: 4k page, system-wide physical 7068M (407M free)
TotalPageFile size 12773M (AvailPageFile size 5M)
current process WorkingSet (physical memory assigned to process): 9M, peak: 9M
current process commit charge ("private bytes"): 12M, peak: 13M

vm_info: Java HotSpot(TM) 64-Bit Server VM (14.0.2+12-46) for windows-amd64 JRE (14.0.2+12-46), built on Jul  9 2020 00:35:52 by "mach5one" with MS VC++ 15.9 (VS2017)

END.
